Performing C SOURCE FILE Test CMAKE_HAVE_LIBC_PTHREAD failed with the following output:
Change Dir: /media/qzj/Software/code/octomap_tutor/cmake-build-release/CMakeFiles/CMakeTmp

Run Build Command(s):/usr/bin/make cmTC_a7da0/fast && /usr/bin/make -f CMakeFiles/cmTC_a7da0.dir/build.make CMakeFiles/cmTC_a7da0.dir/build
make[1]: 进入目录“/media/qzj/Software/code/octomap_tutor/cmake-build-release/CMakeFiles/CMakeTmp”
Building C object CMakeFiles/cmTC_a7da0.dir/src.c.o
/usr/bin/cc   -DCMAKE_HAVE_LIBC_PTHREAD   -o CMakeFiles/cmTC_a7da0.dir/src.c.o   -c /media/qzj/Software/code/octomap_tutor/cmake-build-release/CMakeFiles/CMakeTmp/src.c
Linking C executable cmTC_a7da0
/media/qzj/Software/ubuntu_downloads/software/CLion-2019.3.5/clion-2019.3.5/bin/cmake/linux/bin/cmake -E cmake_link_script CMakeFiles/cmTC_a7da0.dir/link.txt --verbose=1
/usr/bin/cc  -DCMAKE_HAVE_LIBC_PTHREAD    -rdynamic CMakeFiles/cmTC_a7da0.dir/src.c.o  -o cmTC_a7da0 
CMakeFiles/cmTC_a7da0.dir/src.c.o：在函数‘main’中：
src.c:(.text+0x3e)：对‘pthread_create’未定义的引用
src.c:(.text+0x4a)：对‘pthread_detach’未定义的引用
src.c:(.text+0x5b)：对‘pthread_join’未定义的引用
src.c:(.text+0x6f)：对‘pthread_atfork’未定义的引用
collect2: error: ld returned 1 exit status
CMakeFiles/cmTC_a7da0.dir/build.make:86: recipe for target 'cmTC_a7da0' failed
make[1]: *** [cmTC_a7da0] Error 1
make[1]: 离开目录“/media/qzj/Software/code/octomap_tutor/cmake-build-release/CMakeFiles/CMakeTmp”
Makefile:121: recipe for target 'cmTC_a7da0/fast' failed
make: *** [cmTC_a7da0/fast] Error 2


Source file was:
#include <pthread.h>

void* test_func(void* data)
{
  return data;
}

int main(void)
{
  pthread_t thread;
  pthread_create(&thread, NULL, test_func, NULL);
  pthread_detach(thread);
  pthread_join(thread, NULL);
  pthread_atfork(NULL, NULL, NULL);
  pthread_exit(NULL);

  return 0;
}

Determining if the function pthread_create exists in the pthreads failed with the following output:
Change Dir: /media/qzj/Software/code/octomap_tutor/cmake-build-release/CMakeFiles/CMakeTmp

Run Build Command(s):/usr/bin/make cmTC_b744b/fast && /usr/bin/make -f CMakeFiles/cmTC_b744b.dir/build.make CMakeFiles/cmTC_b744b.dir/build
make[1]: 进入目录“/media/qzj/Software/code/octomap_tutor/cmake-build-release/CMakeFiles/CMakeTmp”
Building C object CMakeFiles/cmTC_b744b.dir/CheckFunctionExists.c.o
/usr/bin/cc   -DCHECK_FUNCTION_EXISTS=pthread_create   -o CMakeFiles/cmTC_b744b.dir/CheckFunctionExists.c.o   -c /media/qzj/Software/ubuntu_downloads/software/CLion-2019.3.5/clion-2019.3.5/bin/cmake/linux/share/cmake-3.15/Modules/CheckFunctionExists.c
Linking C executable cmTC_b744b
/media/qzj/Software/ubuntu_downloads/software/CLion-2019.3.5/clion-2019.3.5/bin/cmake/linux/bin/cmake -E cmake_link_script CMakeFiles/cmTC_b744b.dir/link.txt --verbose=1
/usr/bin/cc  -DCHECK_FUNCTION_EXISTS=pthread_create    -rdynamic CMakeFiles/cmTC_b744b.dir/CheckFunctionExists.c.o  -o cmTC_b744b -lpthreads 
/usr/bin/ld: 找不到 -lpthreads
collect2: error: ld returned 1 exit status
CMakeFiles/cmTC_b744b.dir/build.make:86: recipe for target 'cmTC_b744b' failed
make[1]: *** [cmTC_b744b] Error 1
make[1]: 离开目录“/media/qzj/Software/code/octomap_tutor/cmake-build-release/CMakeFiles/CMakeTmp”
Makefile:121: recipe for target 'cmTC_b744b/fast' failed
make: *** [cmTC_b744b/fast] Error 2



